Arguments: 
  C:\Program Files\nodejs\node.exe C:\Users\Alex laptop\AppData\Roaming\npm\node_modules\yarn\bin\yarn.js start

PATH: 
  C:\Users\Alex laptop\bin;C:\Program Files\Git\mingw64\bin;C:\Program Files\Git\usr\local\bin;C:\Program Files\Git\usr\bin;C:\Program Files\Git\usr\bin;C:\Program Files\Git\mingw64\bin;C:\Program Files\Git\usr\bin;C:\Users\Alex laptop\bin;C:\ProgramData\Oracle\Java\javapath;C:\Program Files (x86)\Intel\iCLS Client;C:\Program Files\Intel\iCLS Client;C:\Windows\system32;C:\Windows;C:\Windows\System32\Wbem;C:\Windows\System32\WindowsPowerShell\v1.0;C:\Program Files (x86)\Intel\Intel(R) Management Engine Components\DAL;C:\Program Files\Intel\Intel(R) Management Engine Components\DAL;C:\Program Files (x86)\Intel\Intel(R) Management Engine Components\IPT;C:\Program Files\Intel\Intel(R) Management Engine Components\IPT;C:\Program Files (x86)\NVIDIA Corporation\PhysX\Common;C:\Program Files\Intel\WiFi\bin;C:\Program Files\Common Files\Intel\WirelessCommon;C:\WINDOWS\system32;C:\WINDOWS;C:\WINDOWS\System32\Wbem;C:\WINDOWS\System32\WindowsPowerShell\v1.0;C:\Program Files\Sublime Text 3;C:\Users\Alex laptop\AppData\Roaming\npm;C:\Program Files\nodejs;C:\Program Files\nodejs;C:\Program Files\MongoDB\Server\3.4\bin;C:\Program Files\Amazon\AWSCLI;C:\Program Files\dotnet;C:\Users\Alex laptop\AppData\Local\Microsoft\WindowsApps;C:\Program Files\Heroku\bin;C:\Program Files\nodejs;C:\Users\Alex laptop\AppData\Roaming\npm;C:\Program Files (x86)\Microsoft VS Code\bin;C:\Program Files\Git\usr\bin\vendor_perl;C:\Program Files\Git\usr\bin\core_perl

Yarn version: 
  0.27.5

Node version: 
  6.11.3

Platform: 
  win32 x64

npm manifest: 
  {
    "name": "mern",
    "version": "0.1.0",
    "private": true,
    "proxy": {
      "/auth/*": {
        "target": "http://localhost:3001"
      },
      "/api/*": {
        "target": "http://localhost:3001"
      }
    },
    "dependencies": {
      "axios": "^0.16.2",
      "bloomer": "^0.6.2",
      "bulma": "^0.5.1",
      "google-maps-react": "^1.1.0",
      "react": "^15.6.1",
      "react-dom": "^15.6.1",
      "react-places-autocomplete": "^5.4.3",
      "react-router": "^4.2.0",
      "react-router-dom": "^4.2.2",
      "react-scripts": "^1.0.11"
    },
    "scripts": {
      "start": "react-scripts start",
      "build": "react-scripts build",
      "test": "react-scripts test --env=jsdom",
      "eject": "react-scripts eject"
    },
    "devDependencies": {
      "babel-core": "^6.26.0",
      "babel-loader": "^7.1.2",
      "babel-preset-es2015": "^6.24.1",
      "babel-preset-react": "^6.24.1",
      "webpack": "^3.5.5"
    }
  }

yarn manifest: 
  No manifest

Lockfile: 
  No lockfile

Trace: 
  SyntaxError: C:\Users\Alex laptop\github\page2\parkify\package.json: Unexpected token } in JSON at position 833
      at Object.parse (native)
      at C:\Users\Alex laptop\AppData\Roaming\npm\node_modules\yarn\lib\util\fs.js:554:57
      at next (native)
      at step (C:\Users\Alex laptop\AppData\Roaming\npm\node_modules\yarn\node_modules\babel-runtime\helpers\asyncToGenerator.js:17:30)
      at C:\Users\Alex laptop\AppData\Roaming\npm\node_modules\yarn\node_modules\babel-runtime\helpers\asyncToGenerator.js:28:13
